<?xml version="1.0" encoding="UTF-8"?>
<testsuites>
  <testsuite name="Application Test Suite" tests="2" assertions="2" failures="1" errors="0" time="0.002564">
    <testsuite name="KataTest\Unit\ExampleTest" file="/Users/xserrat/code/learn/uvinum/php-kata-env/tests/Unit/ExampleTest.php" tests="1" assertions="1" failures="0" errors="0" time="0.000880">
      <testcase name="shouldExpectAJellyTimeWhenGreeting" class="KataTest\Unit\ExampleTest" file="/Users/xserrat/code/learn/uvinum/php-kata-env/tests/Unit/ExampleTest.php" line="14" assertions="1" time="0.000880"/>
    </testsuite>
    <testsuite name="KataTest\GildedRoseKata\GildedRoseTest" file="/Users/xserrat/code/learn/uvinum/php-kata-env/tests/Unit/GildedRoseKata/GildedRoseTest.php" tests="1" assertions="1" failures="1" errors="0" time="0.001684">
      <testcase name="foo" class="KataTest\GildedRoseKata\GildedRoseTest" file="/Users/xserrat/code/learn/uvinum/php-kata-env/tests/Unit/GildedRoseKata/GildedRoseTest.php" line="11" assertions="1" time="0.001684">
        <failure type="PHPUnit_Framework_ExpectationFailedException">KataTest\GildedRoseKata\GildedRoseTest::foo
Failed asserting that two strings are equal.
--- Expected
+++ Actual
@@ @@
-'fixme'
+'foo'

/Users/xserrat/code/learn/uvinum/php-kata-env/tests/Unit/GildedRoseKata/GildedRoseTest.php:15
</failure>
      </testcase>
    </testsuite>
  </testsuite>
</testsuites>
